2012-04-23 10:34:19 Activity: User vitorohe@gmail.com (3) has logged in
2012-04-23 11:02:50 Activity: User admin@example.com (2) has logged in
2012-04-29 20:58:11 Activity: User admin@example.com (1) has logged in
2012-04-29 22:49:16 Activity: User admin@example.com (1) has logged in
2012-04-29 22:55:15 Activity: User admin@example.com (1) has logged in
2012-04-30 00:00:11 Activity: User 5 created
2012-04-30 00:00:11 Activity: User asdf@asdf.com (5) has logged in
2012-04-30 00:11:22 Activity: User 6 created
2012-04-30 00:11:22 Activity: User asdf@asdf.com (5) has logged in
2012-04-30 00:12:23 Activity: User 7 created
2012-04-30 00:12:23 Activity: User jkkj@jkjk.com (7) has logged in
2012-04-30 01:32:27 Activity: User gh@hg.com (8) has logged in
2012-04-30 01:41:32 Activity: User admin@example.com (1) has logged in
2012-04-30 02:15:30 Activity: Repository [name=""] created
2012-04-30 02:27:36 Activity: Repository [name=""] created
2012-04-30 02:33:44 Activity: Repository [name=""] created
2012-04-30 02:34:14 Activity: Repository [name=""] created
2012-04-30 02:35:55 Activity: Repository [name=""] created
2012-04-30 02:37:24 Activity: Repository [name=""] created
2012-04-30 02:40:49 Activity: Repository [name=""] created
2012-04-30 02:42:16 Activity: Repository [name="example"] created
2012-04-30 02:42:39 Activity: Repository [name="example"] created
