2012-04-23 10:34:38 Notice: Notice (8): Undefined variable: puntos in [/var/www/repositorium/app/views/challenges/play.ctp, line 63]
2012-04-29 20:58:12 Debug: Notice (8): Undefined variable: collaborator_repos in [C:\xampp\htdocs\repositorium\app\views\pages\home_user.ctp, line 22]
2012-04-29 21:34:30 Debug: Notice (8): Undefined variable: collaborator_repos in [C:\xampp\htdocs\repositorium\app\views\pages\home_user.ctp, line 22]
2012-04-29 22:18:09 Debug: Notice (8): Undefined variable: collaborator_repos in [C:\xampp\htdocs\repositorium\app\views\pages\home_user.ctp, line 22]
2012-04-29 22:18:17 Debug: Notice (8): Undefined variable: collaborator_repos in [C:\xampp\htdocs\repositorium\app\views\pages\home_user.ctp, line 22]
2012-04-29 22:18:23 Debug: Notice (8): Undefined variable: collaborator_repos in [C:\xampp\htdocs\repositorium\app\views\pages\home_user.ctp, line 22]
2012-04-29 22:49:16 Debug: Notice (8): Undefined variable: collaborator_repos in [C:\xampp\htdocs\repositorium\app\views\pages\home_user.ctp, line 22]
2012-04-29 22:49:40 Debug: Notice (8): Undefined variable: collaborator_repos in [C:\xampp\htdocs\repositorium\app\views\pages\home_user.ctp, line 22]
2012-04-29 22:52:07 Debug: Notice (8): Undefined variable: collaborator_repos in [C:\xampp\htdocs\repositorium\app\views\pages\home_user.ctp, line 22]
2012-04-29 22:55:15 Debug: Notice (8): Undefined variable: collaborator_repos in [C:\xampp\htdocs\repositorium\app\views\pages\home_user.ctp, line 22]
2012-04-30 00:10:31 Debug: Notice (8): Undefined variable: collaborator_repos in [C:\xampp\htdocs\repositorium\app\views\pages\home_user.ctp, line 22]
2012-04-30 00:11:27 Debug: Notice (8): Undefined variable: collaborator_repos in [C:\xampp\htdocs\repositorium\app\views\pages\home_user.ctp, line 22]
2012-04-30 00:11:33 Debug: Notice (8): Undefined variable: collaborator_repos in [C:\xampp\htdocs\repositorium\app\views\pages\home_user.ctp, line 22]
2012-04-30 00:11:37 Debug: Notice (8): Undefined variable: collaborator_repos in [C:\xampp\htdocs\repositorium\app\views\pages\home_user.ctp, line 22]
2012-04-30 00:12:26 Debug: Notice (8): Undefined variable: collaborator_repos in [C:\xampp\htdocs\repositorium\app\views\pages\home_user.ctp, line 22]
2012-04-30 01:32:27 Debug: Notice (8): Undefined variable: collaborator_repos in [C:\xampp\htdocs\repositorium\app\views\pages\home_user.ctp, line 22]
2012-04-30 01:34:14 Debug: Notice (8): Undefined property: RepositoriesController::$Constituent in [C:\xampp\htdocs\repositorium\app\controllers\repositories_controller.php, line 233]
2012-04-30 01:34:39 Debug: Notice (8): Undefined property: RepositoriesController::$Constituent in [C:\xampp\htdocs\repositorium\app\controllers\repositories_controller.php, line 233]
2012-04-30 01:41:32 Debug: Notice (8): Undefined variable: collaborator_repos in [C:\xampp\htdocs\repositorium\app\views\pages\home_user.ctp, line 22]
2012-04-30 01:41:37 Debug: Notice (8): Undefined property: RepositoriesController::$Constituent in [C:\xampp\htdocs\repositorium\app\controllers\repositories_controller.php, line 233]
2012-04-30 01:52:47 Debug: Notice (8): Undefined variable: constituents in [C:\xampp\htdocs\repositorium\app\views\repositories\create.ctp, line 27]
2012-04-30 02:12:01 Debug: Notice (8): Undefined index: Constituents in [C:\xampp\htdocs\repositorium\app\controllers\repositories_controller.php, line 199]
2012-04-30 02:12:01 Debug: Notice (8): Undefined property: RepositoriesController::$Kit in [C:\xampp\htdocs\repositorium\app\controllers\repositories_controller.php, line 200]
2012-04-30 02:33:44 Debug: Notice (8): Undefined variable: collaborator_repos in [C:\xampp\htdocs\repositorium\app\views\pages\home_user.ctp, line 22]
2012-04-30 02:34:15 Debug: Notice (8): Undefined variable: collaborator_repos in [C:\xampp\htdocs\repositorium\app\views\pages\home_user.ctp, line 22]
2012-04-30 02:35:55 Debug: Notice (8): Undefined variable: collaborator_repos in [C:\xampp\htdocs\repositorium\app\views\pages\home_user.ctp, line 22]
2012-04-30 02:37:25 Debug: Notice (8): Undefined variable: collaborator_repos in [C:\xampp\htdocs\repositorium\app\views\pages\home_user.ctp, line 22]
2012-04-30 02:40:49 Debug: Notice (8): Undefined index: min_points in [C:\xampp\htdocs\repositorium\app\models\repositories_user.php, line 103]
2012-04-30 02:54:53 Debug: Notice (8): Undefined index: url in [C:\xampp\htdocs\repositorium\app\app_controller.php, line 130]
2012-04-30 02:54:54 Debug: Notice (8): Undefined index: url in [C:\xampp\htdocs\repositorium\app\views\pages\home_user.ctp, line 11]
2012-04-30 02:54:54 Debug: Notice (8): Undefined variable: collaborator_repos in [C:\xampp\htdocs\repositorium\app\views\pages\home_user.ctp, line 22]
2012-04-30 02:54:54 Debug: Notice (8): Undefined index: url in [C:\xampp\htdocs\repositorium\app\views\pages\home_user.ctp, line 59]
2012-04-30 02:55:09 Debug: Notice (8): Undefined index: url in [C:\xampp\htdocs\repositorium\app\views\pages\home_user.ctp, line 11]
2012-04-30 02:55:09 Debug: Notice (8): Undefined variable: collaborator_repos in [C:\xampp\htdocs\repositorium\app\views\pages\home_user.ctp, line 22]
2012-04-30 02:55:09 Debug: Notice (8): Undefined index: url in [C:\xampp\htdocs\repositorium\app\views\pages\home_user.ctp, line 59]
2012-04-30 02:55:13 Debug: Notice (8): Undefined index: url in [C:\xampp\htdocs\repositorium\app\views\pages\home_user.ctp, line 11]
2012-04-30 02:55:13 Debug: Notice (8): Undefined variable: collaborator_repos in [C:\xampp\htdocs\repositorium\app\views\pages\home_user.ctp, line 22]
2012-04-30 02:55:13 Debug: Notice (8): Undefined index: url in [C:\xampp\htdocs\repositorium\app\views\pages\home_user.ctp, line 59]
2012-04-30 02:55:18 Debug: Notice (8): Undefined index: url in [C:\xampp\htdocs\repositorium\app\views\pages\home_user.ctp, line 11]
2012-04-30 02:55:18 Debug: Notice (8): Undefined variable: collaborator_repos in [C:\xampp\htdocs\repositorium\app\views\pages\home_user.ctp, line 22]
2012-04-30 02:55:18 Debug: Notice (8): Undefined index: url in [C:\xampp\htdocs\repositorium\app\views\pages\home_user.ctp, line 59]
2012-04-30 03:05:39 Debug: Notice (8): Undefined index: url in [C:\xampp\htdocs\repositorium\app\views\pages\home_user.ctp, line 11]
2012-04-30 03:05:39 Debug: Notice (8): Undefined variable: collaborator_repos in [C:\xampp\htdocs\repositorium\app\views\pages\home_user.ctp, line 22]
2012-04-30 03:05:39 Debug: Notice (8): Undefined index: url in [C:\xampp\htdocs\repositorium\app\views\pages\home_user.ctp, line 59]
2012-04-30 03:05:44 Debug: Notice (8): Undefined index: url in [C:\xampp\htdocs\repositorium\app\views\pages\home_user.ctp, line 11]
2012-04-30 03:05:44 Debug: Notice (8): Undefined variable: collaborator_repos in [C:\xampp\htdocs\repositorium\app\views\pages\home_user.ctp, line 22]
2012-04-30 03:05:44 Debug: Notice (8): Undefined index: url in [C:\xampp\htdocs\repositorium\app\views\pages\home_user.ctp, line 59]
2012-04-30 03:08:09 Debug: Notice (8): Undefined index: url in [C:\xampp\htdocs\repositorium\app\views\pages\home_user.ctp, line 11]
2012-04-30 03:08:09 Debug: Notice (8): Undefined variable: collaborator_repos in [C:\xampp\htdocs\repositorium\app\views\pages\home_user.ctp, line 22]
2012-04-30 03:08:09 Debug: Notice (8): Undefined index: url in [C:\xampp\htdocs\repositorium\app\views\pages\home_user.ctp, line 59]
2012-04-30 03:09:20 Debug: Notice (8): Undefined index: url in [C:\xampp\htdocs\repositorium\app\views\pages\home_user.ctp, line 11]
2012-04-30 03:09:20 Debug: Notice (8): Undefined variable: collaborator_repos in [C:\xampp\htdocs\repositorium\app\views\pages\home_user.ctp, line 22]
2012-04-30 03:09:20 Debug: Notice (8): Undefined index: url in [C:\xampp\htdocs\repositorium\app\views\pages\home_user.ctp, line 59]
2012-04-30 03:09:22 Debug: Notice (8): Undefined index: url in [C:\xampp\htdocs\repositorium\app\views\pages\home_user.ctp, line 11]
2012-04-30 03:09:22 Debug: Notice (8): Undefined variable: collaborator_repos in [C:\xampp\htdocs\repositorium\app\views\pages\home_user.ctp, line 22]
2012-04-30 03:09:22 Debug: Notice (8): Undefined index: url in [C:\xampp\htdocs\repositorium\app\views\pages\home_user.ctp, line 59]
2012-04-30 03:09:44 Debug: Notice (8): Undefined index: url in [C:\xampp\htdocs\repositorium\app\views\pages\home_user.ctp, line 11]
2012-04-30 03:09:44 Debug: Notice (8): Undefined variable: collaborator_repos in [C:\xampp\htdocs\repositorium\app\views\pages\home_user.ctp, line 22]
2012-04-30 03:09:44 Debug: Notice (8): Undefined index: url in [C:\xampp\htdocs\repositorium\app\views\pages\home_user.ctp, line 59]
2012-04-30 03:09:45 Debug: Notice (8): Undefined index: url in [C:\xampp\htdocs\repositorium\app\views\pages\home_user.ctp, line 11]
2012-04-30 03:09:45 Debug: Notice (8): Undefined variable: collaborator_repos in [C:\xampp\htdocs\repositorium\app\views\pages\home_user.ctp, line 22]
2012-04-30 03:09:45 Debug: Notice (8): Undefined index: url in [C:\xampp\htdocs\repositorium\app\views\pages\home_user.ctp, line 59]
2012-04-30 03:09:46 Debug: Notice (8): Undefined index: url in [C:\xampp\htdocs\repositorium\app\views\pages\home_user.ctp, line 11]
2012-04-30 03:09:46 Debug: Notice (8): Undefined variable: collaborator_repos in [C:\xampp\htdocs\repositorium\app\views\pages\home_user.ctp, line 22]
2012-04-30 03:09:46 Debug: Notice (8): Undefined index: url in [C:\xampp\htdocs\repositorium\app\views\pages\home_user.ctp, line 59]
2012-04-30 03:10:21 Debug: Notice (8): Undefined index: url in [C:\xampp\htdocs\repositorium\app\views\pages\home_user.ctp, line 11]
2012-04-30 03:10:21 Debug: Notice (8): Undefined variable: collaborator_repos in [C:\xampp\htdocs\repositorium\app\views\pages\home_user.ctp, line 22]
2012-04-30 03:10:21 Debug: Notice (8): Undefined index: url in [C:\xampp\htdocs\repositorium\app\views\pages\home_user.ctp, line 59]
2012-04-30 03:16:42 Debug: Notice (8): Undefined index: url in [C:\xampp\htdocs\repositorium\app\views\pages\home_user.ctp, line 11]
2012-04-30 03:16:42 Debug: Notice (8): Undefined variable: collaborator_repos in [C:\xampp\htdocs\repositorium\app\views\pages\home_user.ctp, line 22]
2012-04-30 03:16:42 Debug: Notice (8): Undefined index: url in [C:\xampp\htdocs\repositorium\app\views\pages\home_user.ctp, line 59]
2012-04-30 03:16:53 Debug: Notice (8): Undefined index: url in [C:\xampp\htdocs\repositorium\app\app_controller.php, line 130]
2012-04-30 03:16:53 Debug: Notice (8): Undefined index: url in [C:\xampp\htdocs\repositorium\app\views\pages\home_user.ctp, line 11]
2012-04-30 03:16:53 Debug: Notice (8): Undefined variable: collaborator_repos in [C:\xampp\htdocs\repositorium\app\views\pages\home_user.ctp, line 22]
2012-04-30 03:16:53 Debug: Notice (8): Undefined index: url in [C:\xampp\htdocs\repositorium\app\views\pages\home_user.ctp, line 59]
2012-04-30 03:28:14 Debug: Notice (8): Undefined property: RepositoriesController::$Tag in [C:\xampp\htdocs\repositorium\app\controllers\repositories_controller.php, line 86]
2012-04-30 03:31:19 Debug: Notice (8): Undefined property: RepositoriesController::$Tag in [C:\xampp\htdocs\repositorium\app\controllers\repositories_controller.php, line 86]
2012-04-30 03:35:15 Debug: Notice (8): Undefined property: RepositoriesController::$Tag in [C:\xampp\htdocs\repositorium\app\controllers\repositories_controller.php, line 86]
2012-04-30 03:42:26 Debug: Notice (8): Undefined index: first_name in [C:\xampp\htdocs\repositorium\app\views\repositories\index.ctp, line 36]
2012-04-30 03:42:26 Debug: Notice (8): Undefined index: last_name in [C:\xampp\htdocs\repositorium\app\views\repositories\index.ctp, line 36]
2012-04-30 03:42:26 Debug: Notice (8): Undefined variable: tags in [C:\xampp\htdocs\repositorium\app\views\repositories\index.ctp, line 39]
2012-04-30 03:42:26 Debug: Notice (8): Undefined variable: cloud_data in [C:\xampp\htdocs\repositorium\app\views\repositories\index.ctp, line 56]
2012-04-30 03:45:37 Debug: Notice (8): Undefined variable: tags in [C:\xampp\htdocs\repositorium\app\views\repositories\index.ctp, line 39]
2012-04-30 03:45:37 Debug: Notice (8): Undefined variable: cloud_data in [C:\xampp\htdocs\repositorium\app\views\repositories\index.ctp, line 56]
2012-04-30 03:46:18 Debug: Notice (8): Undefined index: url in [C:\xampp\htdocs\repositorium\app\views\pages\home_user.ctp, line 11]
2012-04-30 03:46:18 Debug: Notice (8): Undefined variable: collaborator_repos in [C:\xampp\htdocs\repositorium\app\views\pages\home_user.ctp, line 22]
2012-04-30 03:46:18 Debug: Notice (8): Undefined index: url in [C:\xampp\htdocs\repositorium\app\views\pages\home_user.ctp, line 59]
2012-04-30 04:09:35 Debug: Notice (8): Undefined index: url in [C:\xampp\htdocs\repositorium\app\views\pages\home_user.ctp, line 11]
2012-04-30 04:09:35 Debug: Notice (8): Undefined variable: collaborator_repos in [C:\xampp\htdocs\repositorium\app\views\pages\home_user.ctp, line 22]
2012-04-30 04:09:35 Debug: Notice (8): Undefined index: url in [C:\xampp\htdocs\repositorium\app\views\pages\home_user.ctp, line 59]
2012-04-30 04:13:05 Debug: Notice (8): Undefined variable: collaborator_repos in [C:\xampp\htdocs\repositorium\app\views\pages\home_user.ctp, line 22]
2012-04-30 04:13:05 Debug: Notice (8): Undefined index: url in [C:\xampp\htdocs\repositorium\app\views\pages\home_user.ctp, line 59]
2012-04-30 04:13:33 Debug: Notice (8): Undefined variable: collaborator_repos in [C:\xampp\htdocs\repositorium\app\views\pages\home_user.ctp, line 22]
